\BOOKMARK [0][-]{chapter.1}{\376\377\000p\000y\000g\000p\000c\000\040\000p\000a\000c\000k\000a\000g\000e}{}% 1
\BOOKMARK [1][-]{section.1.1}{\376\377\000S\000u\000b\000p\000a\000c\000k\000a\000g\000e\000s}{chapter.1}% 2
\BOOKMARK [1][-]{section.1.2}{\376\377\000S\000u\000b\000m\000o\000d\000u\000l\000e\000s}{chapter.1}% 3
\BOOKMARK [1][-]{section.1.3}{\376\377\000p\000y\000g\000p\000c\000.\000A\000b\000s\000t\000r\000a\000c\000t\000M\000o\000d\000e\000l\000\040\000m\000o\000d\000u\000l\000e}{chapter.1}% 4
\BOOKMARK [1][-]{section.1.4}{\376\377\000p\000y\000g\000p\000c\000.\000A\000l\000g\000o\000r\000i\000t\000h\000m\000\040\000m\000o\000d\000u\000l\000e}{chapter.1}% 5
\BOOKMARK [1][-]{section.1.5}{\376\377\000p\000y\000g\000p\000c\000.\000B\000a\000s\000i\000s\000\040\000m\000o\000d\000u\000l\000e}{chapter.1}% 6
\BOOKMARK [1][-]{section.1.6}{\376\377\000p\000y\000g\000p\000c\000.\000B\000a\000s\000i\000s\000F\000u\000n\000c\000t\000i\000o\000n\000\040\000m\000o\000d\000u\000l\000e}{chapter.1}% 7
\BOOKMARK [1][-]{section.1.7}{\376\377\000p\000y\000g\000p\000c\000.\000C\000o\000m\000p\000u\000t\000a\000t\000i\000o\000n\000\040\000m\000o\000d\000u\000l\000e}{chapter.1}% 8
\BOOKMARK [1][-]{section.1.8}{\376\377\000p\000y\000g\000p\000c\000.\000E\000G\000P\000C\000\040\000m\000o\000d\000u\000l\000e}{chapter.1}% 9
\BOOKMARK [1][-]{section.1.9}{\376\377\000p\000y\000g\000p\000c\000.\000G\000P\000C\000\040\000m\000o\000d\000u\000l\000e}{chapter.1}% 10
\BOOKMARK [1][-]{section.1.10}{\376\377\000p\000y\000g\000p\000c\000.\000G\000r\000i\000d\000\040\000m\000o\000d\000u\000l\000e}{chapter.1}% 11
\BOOKMARK [1][-]{section.1.11}{\376\377\000p\000y\000g\000p\000c\000.\000P\000r\000o\000b\000l\000e\000m\000\040\000m\000o\000d\000u\000l\000e}{chapter.1}% 12
\BOOKMARK [1][-]{section.1.12}{\376\377\000p\000y\000g\000p\000c\000.\000R\000a\000n\000d\000o\000m\000P\000a\000r\000a\000m\000e\000t\000e\000r\000\040\000m\000o\000d\000u\000l\000e}{chapter.1}% 13
\BOOKMARK [1][-]{section.1.13}{\376\377\000p\000y\000g\000p\000c\000.\000S\000G\000P\000C\000\040\000m\000o\000d\000u\000l\000e}{chapter.1}% 14
\BOOKMARK [1][-]{section.1.14}{\376\377\000p\000y\000g\000p\000c\000.\000T\000e\000s\000t\000\040\000m\000o\000d\000u\000l\000e}{chapter.1}% 15
\BOOKMARK [1][-]{section.1.15}{\376\377\000p\000y\000g\000p\000c\000.\000T\000e\000s\000t\000B\000e\000n\000c\000h\000\040\000m\000o\000d\000u\000l\000e}{chapter.1}% 16
\BOOKMARK [1][-]{section.1.16}{\376\377\000p\000y\000g\000p\000c\000.\000V\000a\000l\000i\000d\000a\000t\000i\000o\000n\000S\000e\000t\000\040\000m\000o\000d\000u\000l\000e}{chapter.1}% 17
\BOOKMARK [1][-]{section.1.17}{\376\377\000p\000y\000g\000p\000c\000.\000V\000i\000s\000u\000a\000l\000i\000z\000a\000t\000i\000o\000n\000\040\000m\000o\000d\000u\000l\000e}{chapter.1}% 18
\BOOKMARK [1][-]{section.1.18}{\376\377\000p\000y\000g\000p\000c\000.\000W\000o\000r\000k\000e\000r\000\040\000m\000o\000d\000u\000l\000e}{chapter.1}% 19
\BOOKMARK [1][-]{section.1.19}{\376\377\000p\000y\000g\000p\000c\000.\000i\000o\000\040\000m\000o\000d\000u\000l\000e}{chapter.1}% 20
\BOOKMARK [1][-]{section.1.20}{\376\377\000p\000y\000g\000p\000c\000.\000m\000i\000s\000c\000\040\000m\000o\000d\000u\000l\000e}{chapter.1}% 21
\BOOKMARK [1][-]{section.1.21}{\376\377\000p\000y\000g\000p\000c\000.\000p\000o\000s\000t\000p\000r\000o\000c\000e\000s\000s\000i\000n\000g\000\040\000m\000o\000d\000u\000l\000e}{chapter.1}% 22
\BOOKMARK [1][-]{section.1.22}{\376\377\000p\000y\000g\000p\000c\000.\000v\000a\000l\000i\000d\000a\000t\000i\000o\000n\000\040\000m\000o\000d\000u\000l\000e}{chapter.1}% 23
\BOOKMARK [1][-]{section.1.23}{\376\377\000M\000o\000d\000u\000l\000e\000\040\000c\000o\000n\000t\000e\000n\000t\000s}{chapter.1}% 24
\BOOKMARK [0][-]{chapter.2}{\376\377\000I\000n\000d\000i\000c\000e\000s\000\040\000a\000n\000d\000\040\000t\000a\000b\000l\000e\000s}{}% 25
\BOOKMARK [0][-]{section*.320}{\376\377\000P\000y\000t\000h\000o\000n\000\040\000M\000o\000d\000u\000l\000e\000\040\000I\000n\000d\000e\000x}{}% 26
\BOOKMARK [0][-]{section*.321}{\376\377\000I\000n\000d\000e\000x}{}% 27
